c:\users\dante\documents\github\3dx-view\3dx view\x64\debug\vc140.pdb
c:\users\dante\documents\github\3dx-view\3dx view\x64\debug\vertex.obj
c:\users\dante\documents\github\3dx-view\3dx view\x64\debug\object3d.obj
c:\users\dante\documents\github\3dx-view\3dx view\x64\debug\model3d.obj
c:\users\dante\documents\github\3dx-view\3dx view\x64\debug\mainwindow.obj
c:\users\dante\documents\github\3dx-view\3dx view\x64\debug\main.obj
c:\users\dante\documents\github\3dx-view\3dx view\x64\debug\library.obj
c:\users\dante\documents\github\3dx-view\3dx view\x64\debug\glwidget.obj
c:\users\dante\documents\github\3dx-view\3dx view\x64\debug\moc_mainwindow.obj
c:\users\dante\documents\github\3dx-view\3dx view\x64\debug\moc_glwidget.obj
c:\users\dante\documents\github\3dx-view\3dx view\x64\debug\face.obj
c:\users\dante\documents\github\3dx-view\3dx view\x64\debug\qrc_mainwindow.obj
c:\users\dante\documents\github\3dx-view\3dx view\generatedfiles\debug\moc_mainwindow.cpp
c:\users\dante\documents\github\3dx-view\3dx view\generatedfiles\ui_mainwindow.h
c:\users\dante\documents\github\3dx-view\3dx view\generatedfiles\debug\moc_glwidget.cpp
c:\users\dante\documents\github\3dx-view\3dx view\generatedfiles\qrc_mainwindow.cpp
c:\users\dante\documents\github\3dx-view\3dx view\x64\debug\3dx view.tlog\cl.command.1.tlog
c:\users\dante\documents\github\3dx-view\3dx view\x64\debug\3dx view.tlog\cl.read.1.tlog
c:\users\dante\documents\github\3dx-view\3dx view\x64\debug\3dx view.tlog\cl.write.1.tlog
c:\users\dante\documents\github\3dx-view\3dx view\x64\debug\3dx view.tlog\custombuild.command.1.tlog
c:\users\dante\documents\github\3dx-view\3dx view\x64\debug\3dx view.tlog\custombuild.read.1.tlog
c:\users\dante\documents\github\3dx-view\3dx view\x64\debug\3dx view.tlog\custombuild.write.1.tlog
c:\users\dante\documents\github\3dx-view\3dx view\x64\debug\3dx view.tlog\link.command.1.tlog
c:\users\dante\documents\github\3dx-view\3dx view\x64\debug\3dx view.tlog\link.read.1.tlog
c:\users\dante\documents\github\3dx-view\3dx view\x64\debug\3dx view.tlog\link.write.1.tlog
